-- Found ament_cmake: 1.3.5 (/opt/ros/humble/share/ament_cmake/cmake)
-- Found rclcpp: 16.0.6 (/opt/ros/humble/share/rclcpp/cmake)
-- Found rosidl_generator_c: 3.1.5 (/opt/ros/humble/share/rosidl_generator_c/cmake)
-- Found rosidl_adapter: 3.1.5 (/opt/ros/humble/share/rosidl_adapter/cmake)
-- Found rosidl_generator_cpp: 3.1.5 (/opt/ros/humble/share/rosidl_generator_cpp/cmake)
-- Using all available rosidl_typesupport_c: rosidl_typesupport_fastrtps_c;rosidl_typesupport_introspection_c
-- Using all available rosidl_typesupport_cpp: rosidl_typesupport_fastrtps_cpp;rosidl_typesupport_introspection_cpp
-- Found rmw_implementation_cmake: 6.1.1 (/opt/ros/humble/share/rmw_implementation_cmake/cmake)
-- Found rmw_fastrtps_cpp: 6.2.4 (/opt/ros/humble/share/rmw_fastrtps_cpp/cmake)
-- Using RMW implementation 'rmw_fastrtps_cpp' as default
-- Found geometry_msgs: 4.2.3 (/opt/ros/humble/share/geometry_msgs/cmake)
-- Configuring done
-- Generating done
-- Build files have been written to: /home/apim/my_pubsub_ws/build/my_pubsub
[35m[1mConsolidate compiler generated dependencies of target control[0m
[ 50%] [32mBuilding CXX object CMakeFiles/control.dir/src/text_to_cmd_vel.cpp.o[0m
[01m[K/home/apim/my_pubsub_ws/src/my_pubsub/src/text_to_cmd_vel.cpp:[m[K In constructor ‘[01m[KMyNode::MyNode()[m[K’:
[01m[K/home/apim/my_pubsub_ws/src/my_pubsub/src/text_to_cmd_vel.cpp:18:47:[m[K [01;31m[Kerror: [m[Kno match for ‘[01m[Koperator=[m[K’ (operand types are ‘[01m[Krclcpp::Publisher<std_msgs::msg::String_<std::allocator<void> > >::SharedPtr[m[K’ {aka ‘[01m[Kstd::shared_ptr<rclcpp::Publisher<std_msgs::msg::String_<std::allocator<void> > > >[m[K’} and ‘[01m[Kstd::shared_ptr<rclcpp::Publisher<geometry_msgs::msg::Twist_<std::allocator<void> >, std::allocator<void> > >[m[K’)
   18 |                         "/turtle1/cmd_vel", 10[01;31m[K)[m[K
      |                                               [01;31m[K^[m[K
In file included from [01m[K/usr/include/c++/11/memory:77[m[K,
                 from [01m[K/home/apim/my_pubsub_ws/src/my_pubsub/src/text_to_cmd_vel.cpp:2[m[K:
[01m[K/usr/include/c++/11/bits/shared_ptr.h:363:9:[m[K [01;36m[Knote: [m[Kcandidate: ‘[01m[Ktemplate<class _Yp> std::shared_ptr<_Tp>::_Assignable<const std::shared_ptr<_Yp>&> std::shared_ptr<_Tp>::operator=(const std::shared_ptr<_Yp>&) [with _Yp = _Yp; _Tp = rclcpp::Publisher<std_msgs::msg::String_<std::allocator<void> > >][m[K’
  363 |         [01;36m[Koperator[m[K=(const shared_ptr<_Yp>& __r) noexcept
      |         [01;36m[K^~~~~~~~[m[K
[01m[K/usr/include/c++/11/bits/shared_ptr.h:363:9:[m[K [01;36m[Knote: [m[K  template argument deduction/substitution failed:
/usr/include/c++/11/bits/shared_ptr.h: In substitution of ‘[01m[Ktemplate<class _Tp> template<class _Arg> using _Assignable = typename std::enable_if<std::is_assignable<std::__shared_ptr<_Tp>&, _Arg>::value, std::shared_ptr<_Tp>&>::type [with _Arg = const std::shared_ptr<rclcpp::Publisher<geometry_msgs::msg::Twist_<std::allocator<void> >, std::allocator<void> > >&; _Tp = rclcpp::Publisher<std_msgs::msg::String_<std::allocator<void> > >][m[K’:
[01m[K/usr/include/c++/11/bits/shared_ptr.h:363:2:[m[K   required by substitution of ‘[01m[Ktemplate<class _Yp> std::shared_ptr<rclcpp::Publisher<std_msgs::msg::String_<std::allocator<void> > > >::_Assignable<const std::shared_ptr<_Tp>&> std::shared_ptr<rclcpp::Publisher<std_msgs::msg::String_<std::allocator<void> > > >::operator=<_Yp>(const std::shared_ptr<_Tp>&) [with _Yp = rclcpp::Publisher<geometry_msgs::msg::Twist_<std::allocator<void> >, std::allocator<void> >][m[K’
[01m[K/home/apim/my_pubsub_ws/src/my_pubsub/src/text_to_cmd_vel.cpp:18:26:[m[K   required from here
[01m[K/usr/include/c++/11/bits/shared_ptr.h:130:15:[m[K [01;31m[Kerror: [m[Kno type named ‘[01m[Ktype[m[K’ in ‘[01m[Kstruct std::enable_if<false, std::shared_ptr<rclcpp::Publisher<std_msgs::msg::String_<std::allocator<void> > > >&>[m[K’
  130 |         using [01;31m[K_Assignable[m[K = typename enable_if<
      |               [01;31m[K^~~~~~~~~~~[m[K
[01m[K/usr/include/c++/11/bits/shared_ptr.h:374:9:[m[K [01;36m[Knote: [m[Kcandidate: ‘[01m[Ktemplate<class _Yp> std::shared_ptr<_Tp>::_Assignable<std::auto_ptr<_Up> > std::shared_ptr<_Tp>::operator=(std::auto_ptr<_Up>&&) [with _Yp = _Yp; _Tp = rclcpp::Publisher<std_msgs::msg::String_<std::allocator<void> > >][m[K’
  374 |         [01;36m[Koperator[m[K=(auto_ptr<_Yp>&& __r)
      |         [01;36m[K^~~~~~~~[m[K
[01m[K/usr/include/c++/11/bits/shared_ptr.h:374:9:[m[K [01;36m[Knote: [m[K  template argument deduction/substitution failed:
[01m[K/home/apim/my_pubsub_ws/src/my_pubsub/src/text_to_cmd_vel.cpp:18:47:[m[K [01;36m[Knote: [m[K  ‘[01m[Kstd::shared_ptr<rclcpp::Publisher<geometry_msgs::msg::Twist_<std::allocator<void> >, std::allocator<void> > >[m[K’ is not derived from ‘[01m[Kstd::auto_ptr<_Up>[m[K’
   18 |                         "/turtle1/cmd_vel", 10[01;36m[K)[m[K
      |                                               [01;36m[K^[m[K
In file included from [01m[K/usr/include/c++/11/memory:77[m[K,
                 from [01m[K/home/apim/my_pubsub_ws/src/my_pubsub/src/text_to_cmd_vel.cpp:2[m[K:
[01m[K/usr/include/c++/11/bits/shared_ptr.h:391:9:[m[K [01;36m[Knote: [m[Kcandidate: ‘[01m[Ktemplate<class _Yp> std::shared_ptr<_Tp>::_Assignable<std::shared_ptr<_Yp> > std::shared_ptr<_Tp>::operator=(std::shared_ptr<_Yp>&&) [with _Yp = _Yp; _Tp = rclcpp::Publisher<std_msgs::msg::String_<std::allocator<void> > >][m[K’
  391 |         [01;36m[Koperator[m[K=(shared_ptr<_Yp>&& __r) noexcept
      |         [01;36m[K^~~~~~~~[m[K
[01m[K/usr/include/c++/11/bits/shared_ptr.h:391:9:[m[K [01;36m[Knote: [m[K  template argument deduction/substitution failed:
/usr/include/c++/11/bits/shared_ptr.h: In substitution of ‘[01m[Ktemplate<class _Tp> template<class _Arg> using _Assignable = typename std::enable_if<std::is_assignable<std::__shared_ptr<_Tp>&, _Arg>::value, std::shared_ptr<_Tp>&>::type [with _Arg = std::shared_ptr<rclcpp::Publisher<geometry_msgs::msg::Twist_<std::allocator<void> >, std::allocator<void> > >; _Tp = rclcpp::Publisher<std_msgs::msg::String_<std::allocator<void> > >][m[K’:
[01m[K/usr/include/c++/11/bits/shared_ptr.h:391:2:[m[K   required by substitution of ‘[01m[Ktemplate<class _Yp> std::shared_ptr<rclcpp::Publisher<std_msgs::msg::String_<std::allocator<void> > > >::_Assignable<std::shared_ptr<_Tp> > std::shared_ptr<rclcpp::Publisher<std_msgs::msg::String_<std::allocator<void> > > >::operator=<_Yp>(std::shared_ptr<_Tp>&&) [with _Yp = rclcpp::Publisher<geometry_msgs::msg::Twist_<std::allocator<void> >, std::allocator<void> >][m[K’
[01m[K/home/apim/my_pubsub_ws/src/my_pubsub/src/text_to_cmd_vel.cpp:18:26:[m[K   required from here
[01m[K/usr/include/c++/11/bits/shared_ptr.h:130:15:[m[K [01;31m[Kerror: [m[Kno type named ‘[01m[Ktype[m[K’ in ‘[01m[Kstruct std::enable_if<false, std::shared_ptr<rclcpp::Publisher<std_msgs::msg::String_<std::allocator<void> > > >&>[m[K’
  130 |         using [01;31m[K_Assignable[m[K = typename enable_if<
      |               [01;31m[K^~~~~~~~~~~[m[K
[01m[K/usr/include/c++/11/bits/shared_ptr.h:399:9:[m[K [01;36m[Knote: [m[Kcandidate: ‘[01m[Ktemplate<class _Yp, class _Del> std::shared_ptr<_Tp>::_Assignable<std::unique_ptr<_Up, _Ep> > std::shared_ptr<_Tp>::operator=(std::unique_ptr<_Up, _Ep>&&) [with _Yp = _Yp; _Del = _Del; _Tp = rclcpp::Publisher<std_msgs::msg::String_<std::allocator<void> > >][m[K’
  399 |         [01;36m[Koperator[m[K=(unique_ptr<_Yp, _Del>&& __r)
      |         [01;36m[K^~~~~~~~[m[K
[01m[K/usr/include/c++/11/bits/shared_ptr.h:399:9:[m[K [01;36m[Knote: [m[K  template argument deduction/substitution failed:
[01m[K/home/apim/my_pubsub_ws/src/my_pubsub/src/text_to_cmd_vel.cpp:18:47:[m[K [01;36m[Knote: [m[K  ‘[01m[Kstd::shared_ptr<rclcpp::Publisher<geometry_msgs::msg::Twist_<std::allocator<void> >, std::allocator<void> > >[m[K’ is not derived from ‘[01m[Kstd::unique_ptr<_Tp, _Dp>[m[K’
   18 |                         "/turtle1/cmd_vel", 10[01;36m[K)[m[K
      |                                               [01;36m[K^[m[K
In file included from [01m[K/usr/include/c++/11/memory:77[m[K,
                 from [01m[K/home/apim/my_pubsub_ws/src/my_pubsub/src/text_to_cmd_vel.cpp:2[m[K:
[01m[K/usr/include/c++/11/bits/shared_ptr.h:359:19:[m[K [01;36m[Knote: [m[Kcandidate: ‘[01m[Kstd::shared_ptr<_Tp>& std::shared_ptr<_Tp>::operator=(const std::shared_ptr<_Tp>&) [with _Tp = rclcpp::Publisher<std_msgs::msg::String_<std::allocator<void> > >][m[K’
  359 |       shared_ptr& [01;36m[Koperator[m[K=(const shared_ptr&) noexcept = default;
      |                   [01;36m[K^~~~~~~~[m[K
[01m[K/usr/include/c++/11/bits/shared_ptr.h:359:29:[m[K [01;36m[Knote: [m[K  no known conversion for argument 1 from ‘[01m[Kstd::shared_ptr<rclcpp::Publisher<geometry_msgs::msg::Twist_<std::allocator<void> >, std::allocator<void> > >[m[K’ to ‘[01m[Kconst std::shared_ptr<rclcpp::Publisher<std_msgs::msg::String_<std::allocator<void> > > >&[m[K’
  359 |       shared_ptr& operator=([01;36m[Kconst shared_ptr&[m[K) noexcept = default;
      |                             [01;36m[K^~~~~~~~~~~~~~~~~[m[K
[01m[K/usr/include/c++/11/bits/shared_ptr.h:383:7:[m[K [01;36m[Knote: [m[Kcandidate: ‘[01m[Kstd::shared_ptr<_Tp>& std::shared_ptr<_Tp>::operator=(std::shared_ptr<_Tp>&&) [with _Tp = rclcpp::Publisher<std_msgs::msg::String_<std::allocator<void> > >][m[K’
  383 |       [01;36m[Koperator[m[K=(shared_ptr&& __r) noexcept
      |       [01;36m[K^~~~~~~~[m[K
[01m[K/usr/include/c++/11/bits/shared_ptr.h:383:30:[m[K [01;36m[Knote: [m[K  no known conversion for argument 1 from ‘[01m[Kstd::shared_ptr<rclcpp::Publisher<geometry_msgs::msg::Twist_<std::allocator<void> >, std::allocator<void> > >[m[K’ to ‘[01m[Kstd::shared_ptr<rclcpp::Publisher<std_msgs::msg::String_<std::allocator<void> > > >&&[m[K’
  383 |       operator=([01;36m[Kshared_ptr&& __r[m[K) noexcept
      |                 [01;36m[K~~~~~~~~~~~~~^~~[m[K
[01m[K/home/apim/my_pubsub_ws/src/my_pubsub/src/text_to_cmd_vel.cpp:[m[K In member function ‘[01m[Kvoid MyNode::topic_callback(const String&)[m[K’:
[01m[K/home/apim/my_pubsub_ws/src/my_pubsub/src/text_to_cmd_vel.cpp:26:32:[m[K [01;31m[Kerror: [m[K‘[01m[KTwist[m[K’ is not a member of ‘[01m[Kgeometry_msgs[m[K’; did you mean ‘[01m[Kgeometry_msgs::msg::Twist[m[K’?
   26 |                 geometry_msgs::[01;31m[KTwist[m[K twist;
      |                                [01;31m[K^~~~~[m[K
In file included from [01m[K/opt/ros/humble/include/geometry_msgs/geometry_msgs/msg/twist.hpp:7[m[K,
                 from [01m[K/home/apim/my_pubsub_ws/src/my_pubsub/src/text_to_cmd_vel.cpp:6[m[K:
[01m[K/opt/ros/humble/include/geometry_msgs/geometry_msgs/msg/detail/twist__struct.hpp:134:7:[m[K [01;36m[Knote: [m[K‘[01m[Kgeometry_msgs::msg::Twist[m[K’ declared here
  134 | using [01;36m[KTwist[m[K =
      |       [01;36m[K^~~~~[m[K
[01m[K/home/apim/my_pubsub_ws/src/my_pubsub/src/text_to_cmd_vel.cpp:27:24:[m[K [01;31m[Kerror: [m[Kbase operand of ‘[01m[K->[m[K’ has non-pointer type ‘[01m[Kconst String[m[K’ {aka ‘[01m[Kconst std_msgs::msg::String_<std::allocator<void> >[m[K’}
   27 |                 if (msg[01;31m[K->[m[Kdata.c_str() == "turn_right")
      |                        [01;31m[K^~[m[K
[01m[K/home/apim/my_pubsub_ws/src/my_pubsub/src/text_to_cmd_vel.cpp:29:25:[m[K [01;31m[Kerror: [m[K‘[01m[Ktwist[m[K’ was not declared in this scope
   29 |                         [01;31m[Ktwist[m[K.angular.z = -1.5;
      |                         [01;31m[K^~~~~[m[K
[01m[K/home/apim/my_pubsub_ws/src/my_pubsub/src/text_to_cmd_vel.cpp:31:29:[m[K [01;31m[Kerror: [m[Kbase operand of ‘[01m[K->[m[K’ has non-pointer type ‘[01m[Kconst String[m[K’ {aka ‘[01m[Kconst std_msgs::msg::String_<std::allocator<void> >[m[K’}
   31 |                 else if (msg[01;31m[K->[m[Kdata.c_str() == "turn_left")
      |                             [01;31m[K^~[m[K
[01m[K/home/apim/my_pubsub_ws/src/my_pubsub/src/text_to_cmd_vel.cpp:33:25:[m[K [01;31m[Kerror: [m[K‘[01m[Ktwist[m[K’ was not declared in this scope
   33 |                         [01;31m[Ktwist[m[K.angular.z = 1.5;
      |                         [01;31m[K^~~~~[m[K
[01m[K/home/apim/my_pubsub_ws/src/my_pubsub/src/text_to_cmd_vel.cpp:35:29:[m[K [01;31m[Kerror: [m[Kbase operand of ‘[01m[K->[m[K’ has non-pointer type ‘[01m[Kconst String[m[K’ {aka ‘[01m[Kconst std_msgs::msg::String_<std::allocator<void> >[m[K’}
   35 |                 else if (msg[01;31m[K->[m[Kdata.c_str() == "move_forward")
      |                             [01;31m[K^~[m[K
[01m[K/home/apim/my_pubsub_ws/src/my_pubsub/src/text_to_cmd_vel.cpp:37:25:[m[K [01;31m[Kerror: [m[K‘[01m[Ktwist[m[K’ was not declared in this scope
   37 |                         [01;31m[Ktwist[m[K.linear.x = 1.0;
      |                         [01;31m[K^~~~~[m[K
[01m[K/home/apim/my_pubsub_ws/src/my_pubsub/src/text_to_cmd_vel.cpp:39:29:[m[K [01;31m[Kerror: [m[Kbase operand of ‘[01m[K->[m[K’ has non-pointer type ‘[01m[Kconst String[m[K’ {aka ‘[01m[Kconst std_msgs::msg::String_<std::allocator<void> >[m[K’}
   39 |                 else if (msg[01;31m[K->[m[Kdata.c_str() == "move_backward")
      |                             [01;31m[K^~[m[K
[01m[K/home/apim/my_pubsub_ws/src/my_pubsub/src/text_to_cmd_vel.cpp:41:25:[m[K [01;31m[Kerror: [m[K‘[01m[Ktwist[m[K’ was not declared in this scope
   41 |                         [01;31m[Ktwist[m[K.linear.x = -1.0;
      |                         [01;31m[K^~~~~[m[K
[01m[K/home/apim/my_pubsub_ws/src/my_pubsub/src/text_to_cmd_vel.cpp:44:37:[m[K [01;31m[Kerror: [m[K‘[01m[Ktwist[m[K’ was not declared in this scope
   44 |                 publisher_->publish([01;31m[Ktwist[m[K);
      |                                     [01;31m[K^~~~~[m[K
gmake[2]: *** [CMakeFiles/control.dir/build.make:76: CMakeFiles/control.dir/src/text_to_cmd_vel.cpp.o] Error 1
gmake[1]: *** [CMakeFiles/Makefile2:137: CMakeFiles/control.dir/all] Error 2
gmake: *** [Makefile:146: all] Error 2
