[0.029s] Invoking command in '/home/apim/my_pubsub_ws/build/my_pubsub': CMAKE_PREFIX_PATH=/opt/ros/humble /usr/bin/cmake /home/apim/my_pubsub_ws/src/my_pubsub -DCMAKE_INSTALL_PREFIX=/home/apim/my_pubsub_ws/install/my_pubsub
[0.058s] -- The C compiler identification is GNU 11.4.0
[0.088s] -- The CXX compiler identification is GNU 11.4.0
[0.094s] -- Detecting C compiler ABI info
[0.136s] -- Detecting C compiler ABI info - done
[0.143s] -- Check for working C compiler: /usr/bin/cc - skipped
[0.143s] -- Detecting C compile features
[0.144s] -- Detecting C compile features - done
[0.147s] -- Detecting CXX compiler ABI info
[0.194s] -- Detecting CXX compiler ABI info - done
[0.202s] -- Check for working CXX compiler: /usr/bin/c++ - skipped
[0.202s] -- Detecting CXX compile features
[0.202s] -- Detecting CXX compile features - done
[0.204s] -- Found ament_cmake: 1.3.5 (/opt/ros/humble/share/ament_cmake/cmake)
[0.305s] -- Found Python3: /usr/bin/python3.10 (found version "3.10.12") found components: Interpreter 
[0.358s] -- Found rclcpp: 16.0.6 (/opt/ros/humble/share/rclcpp/cmake)
[0.393s] -- Found rosidl_generator_c: 3.1.5 (/opt/ros/humble/share/rosidl_generator_c/cmake)
[0.396s] -- Found rosidl_adapter: 3.1.5 (/opt/ros/humble/share/rosidl_adapter/cmake)
[0.400s] -- Found rosidl_generator_cpp: 3.1.5 (/opt/ros/humble/share/rosidl_generator_cpp/cmake)
[0.408s] -- Using all available rosidl_typesupport_c: rosidl_typesupport_fastrtps_c;rosidl_typesupport_introspection_c
[0.419s] -- Using all available rosidl_typesupport_cpp: rosidl_typesupport_fastrtps_cpp;rosidl_typesupport_introspection_cpp
[0.459s] -- Found rmw_implementation_cmake: 6.1.1 (/opt/ros/humble/share/rmw_implementation_cmake/cmake)
[0.460s] -- Found rmw_fastrtps_cpp: 6.2.4 (/opt/ros/humble/share/rmw_fastrtps_cpp/cmake)
[0.511s] -- Found OpenSSL: /usr/lib/x86_64-linux-gnu/libcrypto.so (found version "3.0.2")  
[0.525s] -- Found FastRTPS: /opt/ros/humble/include  
[0.551s] -- Using RMW implementation 'rmw_fastrtps_cpp' as default
[0.556s] -- Looking for pthread.h
[0.593s] -- Looking for pthread.h - found
[0.593s] -- Performing Test CMAKE_HAVE_LIBC_PTHREAD
[0.635s] -- Performing Test CMAKE_HAVE_LIBC_PTHREAD - Success
[0.635s] -- Found Threads: TRUE  
[0.747s] [31mCMake Error at CMakeLists.txt:16 (install):
[0.747s]   install does not recognize sub-command TARGET
[0.748s] 
[0.748s] [0m
[0.783s] -- Configuring incomplete, errors occurred!
[0.783s] See also "/home/apim/my_pubsub_ws/build/my_pubsub/CMakeFiles/CMakeOutput.log".
[0.788s] Invoked command in '/home/apim/my_pubsub_ws/build/my_pubsub' returned '1': CMAKE_PREFIX_PATH=/opt/ros/humble /usr/bin/cmake /home/apim/my_pubsub_ws/src/my_pubsub -DCMAKE_INSTALL_PREFIX=/home/apim/my_pubsub_ws/install/my_pubsub
